  main.cpp
  Graphics.cpp
c:\users\funne\onedrive\dokument\erin\release\graphics.cpp(143): warning C4244: 'initializing': conversion from 'std::streamoff' to 'int', possible loss of data
  Engine.cpp
c:\users\funne\onedrive\dokument\erin\release\engine.cpp(1142): warning C4305: '=': truncation from 'double' to 'float'
c:\users\funne\onedrive\dokument\erin\release\engine.cpp(1148): warning C4305: '=': truncation from 'double' to 'float'
c:\users\funne\onedrive\dokument\erin\release\engine.cpp(1153): warning C4305: '=': truncation from 'double' to 'float'
c:\users\funne\onedrive\dokument\erin\release\engine.cpp(1158): warning C4305: '=': truncation from 'double' to 'float'
c:\users\funne\onedrive\dokument\erin\release\engine.cpp(1163): warning C4305: '=': truncation from 'double' to 'float'
c:\users\funne\onedrive\dokument\erin\release\engine.cpp(1255): warning C4305: 'argument': truncation from 'double' to 'float'
c:\users\funne\onedrive\dokument\erin\release\engine.cpp(1261): warning C4305: 'argument': truncation from 'double' to 'float'
c:\users\funne\onedrive\dokument\erin\release\engine.cpp(1267): warning C4305: 'argument': truncation from 'double' to 'float'
c:\users\funne\onedrive\dokument\erin\release\engine.cpp(1273): warning C4305: 'argument': truncation from 'double' to 'float'
c:\users\funne\onedrive\dokument\erin\release\engine.cpp(1279): warning C4305: 'argument': truncation from 'double' to 'float'
c:\users\funne\onedrive\dokument\erin\release\engine.cpp(1285): warning C4305: 'argument': truncation from 'double' to 'float'
c:\users\funne\onedrive\dokument\erin\release\engine.cpp(1291): warning C4305: 'argument': truncation from 'double' to 'float'
c:\users\funne\onedrive\dokument\erin\release\engine.cpp(1297): warning C4305: 'argument': truncation from 'double' to 'float'
c:\users\funne\onedrive\dokument\erin\release\engine.cpp(1303): warning C4305: 'argument': truncation from 'double' to 'float'
c:\users\funne\onedrive\dokument\erin\release\engine.cpp(1309): warning C4305: 'argument': truncation from 'double' to 'float'
c:\users\funne\onedrive\dokument\erin\release\engine.cpp(1315): warning C4305: 'argument': truncation from 'double' to 'float'
c:\users\funne\onedrive\dokument\erin\release\engine.cpp(1321): warning C4305: 'argument': truncation from 'double' to 'float'
c:\users\funne\onedrive\dokument\erin\release\engine.cpp(1327): warning C4305: 'argument': truncation from 'double' to 'float'
  CustomImport.cpp
c:\users\funne\onedrive\dokument\erin\release\customimport.cpp(63): warning C4018: '<': signed/unsigned mismatch
c:\users\funne\onedrive\dokument\erin\release\customimport.cpp(75): warning C4018: '<': signed/unsigned mismatch
c:\users\funne\onedrive\dokument\erin\release\customimport.cpp(88): warning C4018: '<': signed/unsigned mismatch
c:\users\funne\onedrive\dokument\erin\release\customimport.cpp(232): warning C4018: '<': signed/unsigned mismatch
c:\users\funne\onedrive\dokument\erin\release\customimport.cpp(252): warning C4018: '<': signed/unsigned mismatch
c:\users\funne\onedrive\dokument\erin\release\customimport.cpp(283): warning C4018: '<': signed/unsigned mismatch
  Generating Code...
  Mesh.cpp
  ERIN.vcxproj -> C:\Users\funne\OneDrive\Dokument\ERIN\Release\Debug\ERIN.exe
  ERIN.vcxproj -> C:\Users\funne\OneDrive\Dokument\ERIN\Release\Debug\ERIN.pdb (Partial PDB)
