c:\users\funne\onedrive\dokument\erin\release\release\vc140.pdb
c:\users\funne\onedrive\dokument\erin\release\release\vc140.idb
c:\users\funne\onedrive\dokument\erin\release\release\behavior.obj
c:\users\funne\onedrive\dokument\erin\release\release\bullet.obj
c:\users\funne\onedrive\dokument\erin\release\release\camera.obj
c:\users\funne\onedrive\dokument\erin\release\release\customimport.obj
c:\users\funne\onedrive\dokument\erin\release\release\engine.obj
c:\users\funne\onedrive\dokument\erin\release\release\gameobject.obj
c:\users\funne\onedrive\dokument\erin\release\release\graphics.obj
c:\users\funne\onedrive\dokument\erin\release\release\input.obj
c:\users\funne\onedrive\dokument\erin\release\release\main.obj
c:\users\funne\onedrive\dokument\erin\release\release\objectpool.obj
c:\users\funne\onedrive\dokument\erin\release\release\player.obj
c:\users\funne\onedrive\dokument\erin\release\release\soundsystem.obj
c:\users\funne\onedrive\dokument\erin\release\release\wictextureloader.obj
c:\users\funne\onedrive\dokument\erin\release\release\mesh.obj
c:\users\funne\onedrive\dokument\erin\release\release\pixelshader.cso
c:\users\funne\onedrive\dokument\erin\release\release\vertexshader.cso
c:\users\funne\onedrive\dokument\erin\release\release\erin.exe
c:\users\funne\onedrive\dokument\erin\release\release\erin.ipdb
c:\users\funne\onedrive\dokument\erin\release\release\erin.iobj
c:\users\funne\onedrive\dokument\erin\release\release\erin.pdb
c:\users\funne\onedrive\dokument\erin\release\release\erin.tlog\cl.command.1.tlog
c:\users\funne\onedrive\dokument\erin\release\release\erin.tlog\cl.read.1.tlog
c:\users\funne\onedrive\dokument\erin\release\release\erin.tlog\cl.write.1.tlog
c:\users\funne\onedrive\dokument\erin\release\release\erin.tlog\erin.write.1u.tlog
c:\users\funne\onedrive\dokument\erin\release\release\erin.tlog\fxc.command.1.tlog
c:\users\funne\onedrive\dokument\erin\release\release\erin.tlog\fxc.read.1.tlog
c:\users\funne\onedrive\dokument\erin\release\release\erin.tlog\fxc.write.1.tlog
c:\users\funne\onedrive\dokument\erin\release\release\erin.tlog\link.command.1.tlog
c:\users\funne\onedrive\dokument\erin\release\release\erin.tlog\link.read.1.tlog
c:\users\funne\onedrive\dokument\erin\release\release\erin.tlog\link.write.1.tlog
