  compilation object save succeeded; see C:\Users\funne\OneDrive\Dokument\ERIN\Release\Release\PixelShader.cso
  compilation object save succeeded; see C:\Users\funne\OneDrive\Dokument\ERIN\Release\Release\VertexShader.cso
  WICTextureLoader.cpp
  SoundSystem.cpp
SoundSystem.cpp(75): warning C4551: function call missing argument list
  Player.cpp
Player.cpp(149): warning C4244: 'argument': conversion from 'double' to 'float', possible loss of data
  ObjectPool.cpp
  main.cpp
  Input.cpp
  Graphics.cpp
Graphics.cpp(143): warning C4244: 'initializing': conversion from 'std::streamoff' to 'int', possible loss of data
  GameObject.cpp
GameObject.cpp(145): warning C4244: 'argument': conversion from 'double' to 'float', possible loss of data
  Engine.cpp
Engine.cpp(1142): warning C4305: '=': truncation from 'double' to 'float'
Engine.cpp(1148): warning C4305: '=': truncation from 'double' to 'float'
Engine.cpp(1153): warning C4305: '=': truncation from 'double' to 'float'
Engine.cpp(1158): warning C4305: '=': truncation from 'double' to 'float'
Engine.cpp(1163): warning C4305: '=': truncation from 'double' to 'float'
Engine.cpp(1255): warning C4305: 'argument': truncation from 'double' to 'float'
Engine.cpp(1261): warning C4305: 'argument': truncation from 'double' to 'float'
Engine.cpp(1267): warning C4305: 'argument': truncation from 'double' to 'float'
Engine.cpp(1273): warning C4305: 'argument': truncation from 'double' to 'float'
Engine.cpp(1279): warning C4305: 'argument': truncation from 'double' to 'float'
Engine.cpp(1285): warning C4305: 'argument': truncation from 'double' to 'float'
Engine.cpp(1291): warning C4305: 'argument': truncation from 'double' to 'float'
Engine.cpp(1297): warning C4305: 'argument': truncation from 'double' to 'float'
Engine.cpp(1303): warning C4305: 'argument': truncation from 'double' to 'float'
Engine.cpp(1309): warning C4305: 'argument': truncation from 'double' to 'float'
Engine.cpp(1315): warning C4305: 'argument': truncation from 'double' to 'float'
Engine.cpp(1321): warning C4305: 'argument': truncation from 'double' to 'float'
Engine.cpp(1327): warning C4305: 'argument': truncation from 'double' to 'float'
  CustomImport.cpp
CustomImport.cpp(151): warning C4018: '<': signed/unsigned mismatch
CustomImport.cpp(163): warning C4018: '<': signed/unsigned mismatch
CustomImport.cpp(176): warning C4018: '<': signed/unsigned mismatch
CustomImport.cpp(275): warning C4018: '<': signed/unsigned mismatch
CustomImport.cpp(295): warning C4018: '<': signed/unsigned mismatch
CustomImport.cpp(326): warning C4018: '<': signed/unsigned mismatch
  Camera.cpp
Camera.cpp(136): warning C4244: '+=': conversion from 'double' to 'float', possible loss of data
Camera.cpp(137): warning C4244: '+=': conversion from 'double' to 'float', possible loss of data
  Bullet.cpp
Bullet.cpp(46): warning C4244: 'argument': conversion from 'double' to 'float', possible loss of data
  Behavior.cpp
Behavior.cpp(72): warning C4244: '+=': conversion from 'double' to 'float', possible loss of data
Behavior.cpp(73): warning C4244: '+=': conversion from 'double' to 'float', possible loss of data
  Mesh.cpp
  Generating code
  All 1715 functions were compiled because no usable IPDB/IOBJ from previous compilation was found.
  Finished generating code
  ERIN.vcxproj -> C:\Users\funne\OneDrive\Dokument\ERIN\Release\Release\ERIN.exe
  ERIN.vcxproj -> C:\Users\funne\OneDrive\Dokument\ERIN\Release\Release\ERIN.pdb (Full PDB)
